# JRE version: OpenJDK Runtime Environment (11.0.10) (build 11.0.10+0-b96-7249189)
# Java VM: OpenJDK 64-Bit Server VM (11.0.10+0-b96-7249189, mixed mode, tiered, compressed oops, g1 gc, windows-amd64)
Heap:
 garbage-first heap   total 560128K, used 451835K [0x0000000080000000, 0x0000000100000000)
  region size 1024K, 67 young (68608K), 8 survivors (8192K)
 Metaspace       used 146005K, capacity 150483K, committed 150784K, reserved 1181696K
  class space    used 17723K, capacity 19337K, committed 19456K, reserved 1048576K
GC Heap History (20 events):
Event: 1266.789 GC heap before
{Heap before GC invocations=266 (full 0):
 garbage-first heap   total 560128K, used 493019K [0x0000000080000000, 0x0000000100000000)
  region size 1024K, 146 young (149504K), 10 survivors (10240K)
 Metaspace       used 145220K, capacity 149637K, committed 149760K, reserved 1179648K
  class space    used 17607K, capacity 19189K, committed 19200K, reserved 1048576K
}
Event: 1266.816 GC heap after
{Heap after GC invocations=267 (full 0):
 garbage-first heap   total 560128K, used 354674K [0x0000000080000000, 0x0000000100000000)
  region size 1024K, 11 young (11264K), 11 survivors (11264K)
 Metaspace       used 145220K, capacity 149637K, committed 149760K, reserved 1179648K
  class space    used 17607K, capacity 19189K, committed 19200K, reserved 1048576K
}
Event: 1267.477 GC heap before
{Heap before GC invocations=267 (full 0):
 garbage-first heap   total 560128K, used 490866K [0x0000000080000000, 0x0000000100000000)
  region size 1024K, 145 young (148480K), 11 survivors (11264K)
 Metaspace       used 145224K, capacity 149638K, committed 149760K, reserved 1179648K
  class space    used 17607K, capacity 19189K, committed 19200K, reserved 1048576K
}
Event: 1267.498 GC heap after
{Heap after GC invocations=268 (full 0):
 garbage-first heap   total 560128K, used 356116K [0x0000000080000000, 0x0000000100000000)
  region size 1024K, 12 young (12288K), 12 survivors (12288K)
 Metaspace       used 145224K, capacity 149638K, committed 149760K, reserved 1179648K
  class space    used 17607K, capacity 19189K, committed 19200K, reserved 1048576K
}
Event: 1267.874 GC heap before
{Heap before GC invocations=268 (full 0):
 garbage-first heap   total 560128K, used 490260K [0x0000000080000000, 0x0000000100000000)
  region size 1024K, 143 young (146432K), 12 survivors (12288K)
 Metaspace       used 145224K, capacity 149638K, committed 149760K, reserved 1179648K
  class space    used 17607K, capacity 19189K, committed 19200K, reserved 1048576K
}
Event: 1267.895 GC heap after
{Heap after GC invocations=269 (full 0):
 garbage-first heap   total 560128K, used 355961K [0x0000000080000000, 0x0000000100000000)
  region size 1024K, 10 young (10240K), 10 survivors (10240K)
 Metaspace       used 145224K, capacity 149638K, committed 149760K, reserved 1179648K
  class space    used 17607K, capacity 19189K, committed 19200K, reserved 1048576K
}
Event: 1268.418 GC heap before
{Heap before GC invocations=269 (full 0):
 garbage-first heap   total 560128K, used 492153K [0x0000000080000000, 0x0000000100000000)
  region size 1024K, 144 young (147456K), 10 survivors (10240K)
 Metaspace       used 145234K, capacity 149640K, committed 149760K, reserved 1179648K
  class space    used 17607K, capacity 19189K, committed 19200K, reserved 1048576K
}
Event: 1268.437 GC heap after
{Heap after GC invocations=270 (full 0):
 garbage-first heap   total 560128K, used 356017K [0x0000000080000000, 0x0000000100000000)
  region size 1024K, 10 young (10240K), 10 survivors (10240K)
 Metaspace       used 145234K, capacity 149640K, committed 149760K, reserved 1179648K
  class space    used 17607K, capacity 19189K, committed 19200K, reserved 1048576K
}
Event: 1268.973 GC heap before
{Heap before GC invocations=270 (full 0):
 garbage-first heap   total 560128K, used 492209K [0x0000000080000000, 0x0000000100000000)
  region size 1024K, 143 young (146432K), 10 survivors (10240K)
 Metaspace       used 145255K, capacity 149642K, committed 149760K, reserved 1179648K
  class space    used 17607K, capacity 19189K, committed 19200K, reserved 1048576K
}
Event: 1269.020 GC heap after
{Heap after GC invocations=271 (full 0):
 garbage-first heap   total 560128K, used 375465K [0x0000000080000000, 0x0000000100000000)
  region size 1024K, 18 young (18432K), 18 survivors (18432K)
 Metaspace       used 145255K, capacity 149642K, committed 149760K, reserved 1179648K
  class space    used 17607K, capacity 19189K, committed 19200K, reserved 1048576K
}
Event: 1269.829 GC heap before
{Heap before GC invocations=271 (full 0):
 garbage-first heap   total 560128K, used 480937K [0x0000000080000000, 0x0000000100000000)
  region size 1024K, 122 young (124928K), 18 survivors (18432K)
 Metaspace       used 145568K, capacity 149978K, committed 150144K, reserved 1179648K
  class space    used 17653K, capacity 19236K, committed 19328K, reserved 1048576K
}
Event: 1269.888 GC heap after
{Heap after GC invocations=272 (full 0):
 garbage-first heap   total 560128K, used 384770K [0x0000000080000000, 0x0000000100000000)
  region size 1024K, 10 young (10240K), 10 survivors (10240K)
 Metaspace       used 145568K, capacity 149978K, committed 150144K, reserved 1179648K
  class space    used 17653K, capacity 19236K, committed 19328K, reserved 1048576K
}
Event: 1270.439 GC heap before
{Heap before GC invocations=272 (full 0):
 garbage-first heap   total 560128K, used 481026K [0x0000000080000000, 0x0000000100000000)
  region size 1024K, 105 young (107520K), 10 survivors (10240K)
 Metaspace       used 145784K, capacity 150272K, committed 150400K, reserved 1179648K
  class space    used 17706K, capacity 19316K, committed 19328K, reserved 1048576K
}
Event: 1270.463 GC heap after
{Heap after GC invocations=273 (full 0):
 garbage-first heap   total 560128K, used 388096K [0x0000000080000000, 0x0000000100000000)
  region size 1024K, 3 young (3072K), 3 survivors (3072K)
 Metaspace       used 145784K, capacity 150272K, committed 150400K, reserved 1179648K
  class space    used 17706K, capacity 19316K, committed 19328K, reserved 1048576K
}
Event: 1271.016 GC heap before
{Heap before GC invocations=273 (full 0):
 garbage-first heap   total 560128K, used 485376K [0x0000000080000000, 0x0000000100000000)
  region size 1024K, 98 young (100352K), 3 survivors (3072K)
 Metaspace       used 145911K, capacity 150408K, committed 150528K, reserved 1179648K
  class space    used 17721K, capacity 19337K, committed 19456K, reserved 1048576K
}
Event: 1271.028 GC heap after
{Heap after GC invocations=274 (full 0):
 garbage-first heap   total 560128K, used 388540K [0x0000000080000000, 0x0000000100000000)
  region size 1024K, 4 young (4096K), 4 survivors (4096K)
 Metaspace       used 145911K, capacity 150408K, committed 150528K, reserved 1179648K
  class space    used 17721K, capacity 19337K, committed 19456K, reserved 1048576K
}
Event: 1271.619 GC heap before
{Heap before GC invocations=274 (full 0):
 garbage-first heap   total 560128K, used 486844K [0x0000000080000000, 0x0000000100000000)
  region size 1024K, 100 young (102400K), 4 survivors (4096K)
 Metaspace       used 145919K, capacity 150408K, committed 150528K, reserved 1179648K
  class space    used 17721K, capacity 19337K, committed 19456K, reserved 1048576K
}
Event: 1271.632 GC heap after
{Heap after GC invocations=275 (full 0):
 garbage-first heap   total 560128K, used 390848K [0x0000000080000000, 0x0000000100000000)
  region size 1024K, 6 young (6144K), 6 survivors (6144K)
 Metaspace       used 145919K, capacity 150408K, committed 150528K, reserved 1179648K
  class space    used 17721K, capacity 19337K, committed 19456K, reserved 1048576K
}
Event: 1272.174 GC heap before
{Heap before GC invocations=275 (full 0):
 garbage-first heap   total 560128K, used 491200K [0x0000000080000000, 0x0000000100000000)
  region size 1024K, 105 young (107520K), 6 survivors (6144K)
 Metaspace       used 145928K, capacity 150408K, committed 150528K, reserved 1179648K
  class space    used 17721K, capacity 19337K, committed 19456K, reserved 1048576K
}
Event: 1272.196 GC heap after
{Heap after GC invocations=276 (full 0):
 garbage-first heap   total 560128K, used 392443K [0x0000000080000000, 0x0000000100000000)
  region size 1024K, 8 young (8192K), 8 survivors (8192K)
 Metaspace       used 145928K, capacity 150408K, committed 150528K, reserved 1179648K
  class space    used 17721K, capacity 19337K, committed 19456K, reserved 1048576K
}

